# JRE version: Java(TM) SE Runtime Environment (18.0.1.1+2) (build 18.0.1.1+2-6)
# Java VM: Java HotSpot(TM) 64-Bit Server VM (18.0.1.1+2-6, mixed mode, sharing, tiered, compressed oops, compressed class ptrs, g1 gc, windows-amd64)
GC Precious Log:
 CardTable entry size: 512
 Card Set container configuration: InlinePtr #cards 5 size 8 Array Of Cards #cards 12 size 40 Howl #buckets 4 coarsen threshold 1843 Howl Bitmap #cards 512 size 80 coarsen threshold 460 Card regions per heap region 1 cards per card region 2048
 CPUs: 4 total, 4 available
 Memory: 3962M
 Large Page Support: Disabled
 NUMA Support: Disabled
 Compressed Oops: Enabled (32-bit)
 Heap Region Size: 1M
 Heap Min Capacity: 8M
 Heap Initial Capacity: 62M
 Heap Max Capacity: 992M
 Pre-touch: Disabled
 Parallel Workers: 4
 Concurrent Workers: 1
 Concurrent Refinement Workers: 4
 Periodic GC: Disabled
Heap:
 garbage-first heap   total 83968K, used 32253K [0x00000000c2000000, 0x0000000100000000)
  region size 1024K, 6 young (6144K), 6 survivors (6144K)
 Metaspace       used 23295K, committed 23680K, reserved 1114112K
  class space    used 2567K, committed 2752K, reserved 1048576K
GC Heap History (19 events):
Event: 3.466 GC heap before
{Heap before GC invocations=0 (full 0):
 garbage-first heap   total 63488K, used 12288K [0x00000000c2000000, 0x0000000100000000)
  region size 1024K, 13 young (13312K), 0 survivors (0K)
 Metaspace       used 3830K, committed 3968K, reserved 1114112K
  class space    used 381K, committed 448K, reserved 1048576K
}
Event: 3.476 GC heap after
{Heap after GC invocations=1 (full 0):
 garbage-first heap   total 63488K, used 3778K [0x00000000c2000000, 0x0000000100000000)
  region size 1024K, 2 young (2048K), 2 survivors (2048K)
 Metaspace       used 3830K, committed 3968K, reserved 1114112K
  class space    used 381K, committed 448K, reserved 1048576K
}
Event: 3.791 GC heap before
{Heap before GC invocations=1 (full 0):
 garbage-first heap   total 63488K, used 15042K [0x00000000c2000000, 0x0000000100000000)
  region size 1024K, 14 young (14336K), 2 survivors (2048K)
 Metaspace       used 5474K, committed 5632K, reserved 1114112K
  class space    used 623K, committed 704K, reserved 1048576K
}
Event: 3.798 GC heap after
{Heap after GC invocations=2 (full 0):
 garbage-first heap   total 63488K, used 4521K [0x00000000c2000000, 0x0000000100000000)
  region size 1024K, 1 young (1024K), 1 survivors (1024K)
 Metaspace       used 5474K, committed 5632K, reserved 1114112K
  class space    used 623K, committed 704K, reserved 1048576K
}
Event: 4.565 GC heap before
{Heap before GC invocations=2 (full 0):
 garbage-first heap   total 63488K, used 28073K [0x00000000c2000000, 0x0000000100000000)
  region size 1024K, 25 young (25600K), 1 survivors (1024K)
 Metaspace       used 9607K, committed 9728K, reserved 1114112K
  class space    used 1135K, committed 1216K, reserved 1048576K
}
Event: 4.572 GC heap after
{Heap after GC invocations=3 (full 0):
 garbage-first heap   total 63488K, used 5763K [0x00000000c2000000, 0x0000000100000000)
  region size 1024K, 2 young (2048K), 2 survivors (2048K)
 Metaspace       used 9607K, committed 9728K, reserved 1114112K
  class space    used 1135K, committed 1216K, reserved 1048576K
}
Event: 5.853 GC heap before
{Heap before GC invocations=3 (full 0):
 garbage-first heap   total 63488K, used 41603K [0x00000000c2000000, 0x0000000100000000)
  region size 1024K, 37 young (37888K), 2 survivors (2048K)
 Metaspace       used 13195K, committed 13504K, reserved 1114112K
  class space    used 1490K, committed 1664K, reserved 1048576K
}
Event: 5.872 GC heap after
{Heap after GC invocations=4 (full 0):
 garbage-first heap   total 63488K, used 10156K [0x00000000c2000000, 0x0000000100000000)
  region size 1024K, 5 young (5120K), 5 survivors (5120K)
 Metaspace       used 13195K, committed 13504K, reserved 1114112K
  class space    used 1490K, committed 1664K, reserved 1048576K
}
Event: 6.607 GC heap before
{Heap before GC invocations=4 (full 0):
 garbage-first heap   total 63488K, used 41900K [0x00000000c2000000, 0x0000000100000000)
  region size 1024K, 36 young (36864K), 5 survivors (5120K)
 Metaspace       used 13540K, committed 13888K, reserved 1114112K
  class space    used 1504K, committed 1664K, reserved 1048576K
}
Event: 6.627 GC heap after
{Heap after GC invocations=5 (full 0):
 garbage-first heap   total 63488K, used 13690K [0x00000000c2000000, 0x0000000100000000)
  region size 1024K, 4 young (4096K), 4 survivors (4096K)
 Metaspace       used 13540K, committed 13888K, reserved 1114112K
  class space    used 1504K, committed 1664K, reserved 1048576K
}
Event: 8.158 GC heap before
{Heap before GC invocations=5 (full 0):
 garbage-first heap   total 63488K, used 46458K [0x00000000c2000000, 0x0000000100000000)
  region size 1024K, 29 young (29696K), 4 survivors (4096K)
 Metaspace       used 14887K, committed 15168K, reserved 1114112K
  class space    used 1616K, committed 1792K, reserved 1048576K
}
Event: 8.168 GC heap after
{Heap after GC invocations=6 (full 0):
 garbage-first heap   total 63488K, used 22977K [0x00000000c2000000, 0x0000000100000000)
  region size 1024K, 2 young (2048K), 2 survivors (2048K)
 Metaspace       used 14887K, committed 15168K, reserved 1114112K
  class space    used 1616K, committed 1792K, reserved 1048576K
}
Event: 8.171 GC heap before
{Heap before GC invocations=6 (full 0):
 garbage-first heap   total 63488K, used 35265K [0x00000000c2000000, 0x0000000100000000)
  region size 1024K, 3 young (3072K), 2 survivors (2048K)
 Metaspace       used 14887K, committed 15168K, reserved 1114112K
  class space    used 1616K, committed 1792K, reserved 1048576K
}
Event: 8.175 GC heap after
{Heap after GC invocations=7 (full 0):
 garbage-first heap   total 63488K, used 35152K [0x00000000c2000000, 0x0000000100000000)
  region size 1024K, 2 young (2048K), 2 survivors (2048K)
 Metaspace       used 14887K, committed 15168K, reserved 1114112K
  class space    used 1616K, committed 1792K, reserved 1048576K
}
Event: 9.212 GC heap before
{Heap before GC invocations=8 (full 0):
 garbage-first heap   total 83968K, used 62800K [0x00000000c2000000, 0x0000000100000000)
  region size 1024K, 17 young (17408K), 2 survivors (2048K)
 Metaspace       used 17158K, committed 17472K, reserved 1114112K
  class space    used 1856K, committed 1984K, reserved 1048576K
}
Event: 9.218 GC heap after
{Heap after GC invocations=9 (full 0):
 garbage-first heap   total 83968K, used 15585K [0x00000000c2000000, 0x0000000100000000)
  region size 1024K, 3 young (3072K), 3 survivors (3072K)
 Metaspace       used 17158K, committed 17472K, reserved 1114112K
  class space    used 1856K, committed 1984K, reserved 1048576K
}
Event: 9.255 GC heap before
{Heap before GC invocations=9 (full 0):
 garbage-first heap   total 83968K, used 15585K [0x00000000c2000000, 0x0000000100000000)
  region size 1024K, 4 young (4096K), 3 survivors (3072K)
 Metaspace       used 17174K, committed 17472K, reserved 1114112K
  class space    used 1856K, committed 1984K, reserved 1048576K
}
Event: 9.263 GC heap after
{Heap after GC invocations=10 (full 0):
 garbage-first heap   total 83968K, used 15595K [0x00000000c2000000, 0x0000000100000000)
  region size 1024K, 1 young (1024K), 1 survivors (1024K)
 Metaspace       used 17174K, committed 17472K, reserved 1114112K
  class space    used 1856K, committed 1984K, reserved 1048576K
}
Event: 11.395 GC heap before
{Heap before GC invocations=10 (full 0):
 garbage-first heap   total 83968K, used 64747K [0x00000000c2000000, 0x0000000100000000)
  region size 1024K, 48 young (49152K), 1 survivors (1024K)
 Metaspace       used 23295K, committed 23680K, reserved 1114112K
  class space    used 2567K, committed 2752K, reserved 1048576K
}

