# JRE version: Java(TM) SE Runtime Environment (18.0.1.1+2) (build 18.0.1.1+2-6)
# Java VM: Java HotSpot(TM) 64-Bit Server VM (18.0.1.1+2-6, mixed mode, sharing, tiered, compressed oops, compressed class ptrs, g1 gc, windows-amd64)
GC Precious Log:
 CardTable entry size: 512
 Card Set container configuration: InlinePtr #cards 5 size 8 Array Of Cards #cards 12 size 40 Howl #buckets 4 coarsen threshold 1843 Howl Bitmap #cards 512 size 80 coarsen threshold 460 Card regions per heap region 1 cards per card region 2048
 CPUs: 4 total, 4 available
 Memory: 3962M
 Large Page Support: Disabled
 NUMA Support: Disabled
 Compressed Oops: Enabled (32-bit)
 Heap Region Size: 1M
 Heap Min Capacity: 8M
 Heap Initial Capacity: 62M
 Heap Max Capacity: 992M
 Pre-touch: Disabled
 Parallel Workers: 4
 Concurrent Workers: 1
 Concurrent Refinement Workers: 4
 Periodic GC: Disabled
Heap:
 garbage-first heap   total 48128K, used 20674K [0x00000000c2000000, 0x0000000100000000)
  region size 1024K, 4 young (4096K), 1 survivors (1024K)
 Metaspace       used 41755K, committed 42240K, reserved 1114112K
  class space    used 5442K, committed 5696K, reserved 1048576K
GC Heap History (20 events):
Event: 2.224 GC heap before
{Heap before GC invocations=1 (full 0):
 garbage-first heap   total 63488K, used 15276K [0x00000000c2000000, 0x0000000100000000)
  region size 1024K, 12 young (12288K), 2 survivors (2048K)
 Metaspace       used 6834K, committed 7040K, reserved 1114112K
  class space    used 790K, committed 896K, reserved 1048576K
}
Event: 2.232 GC heap after
{Heap after GC invocations=2 (full 0):
 garbage-first heap   total 63488K, used 7113K [0x00000000c2000000, 0x0000000100000000)
  region size 1024K, 1 young (1024K), 1 survivors (1024K)
 Metaspace       used 6834K, committed 7040K, reserved 1114112K
  class space    used 790K, committed 896K, reserved 1048576K
}
Event: 3.165 GC heap before
{Heap before GC invocations=2 (full 0):
 garbage-first heap   total 63488K, used 26569K [0x00000000c2000000, 0x0000000100000000)
  region size 1024K, 21 young (21504K), 1 survivors (1024K)
 Metaspace       used 12365K, committed 12608K, reserved 1114112K
  class space    used 1432K, committed 1536K, reserved 1048576K
}
Event: 3.175 GC heap after
{Heap after GC invocations=3 (full 0):
 garbage-first heap   total 63488K, used 8808K [0x00000000c2000000, 0x0000000100000000)
  region size 1024K, 3 young (3072K), 3 survivors (3072K)
 Metaspace       used 12365K, committed 12608K, reserved 1114112K
  class space    used 1432K, committed 1536K, reserved 1048576K
}
Event: 5.806 GC heap before
{Heap before GC invocations=3 (full 0):
 garbage-first heap   total 63488K, used 38504K [0x00000000c2000000, 0x0000000100000000)
  region size 1024K, 33 young (33792K), 3 survivors (3072K)
 Metaspace       used 17808K, committed 18112K, reserved 1114112K
  class space    used 2112K, committed 2240K, reserved 1048576K
}
Event: 5.817 GC heap after
{Heap after GC invocations=4 (full 0):
 garbage-first heap   total 63488K, used 11227K [0x00000000c2000000, 0x0000000100000000)
  region size 1024K, 5 young (5120K), 5 survivors (5120K)
 Metaspace       used 17808K, committed 18112K, reserved 1114112K
  class space    used 2112K, committed 2240K, reserved 1048576K
}
Event: 7.386 GC heap before
{Heap before GC invocations=4 (full 0):
 garbage-first heap   total 63488K, used 29659K [0x00000000c2000000, 0x0000000100000000)
  region size 1024K, 24 young (24576K), 5 survivors (5120K)
 Metaspace       used 21153K, committed 21504K, reserved 1114112K
  class space    used 2567K, committed 2752K, reserved 1048576K
}
Event: 7.404 GC heap after
{Heap after GC invocations=5 (full 0):
 garbage-first heap   total 63488K, used 12516K [0x00000000c2000000, 0x0000000100000000)
  region size 1024K, 4 young (4096K), 4 survivors (4096K)
 Metaspace       used 21153K, committed 21504K, reserved 1114112K
  class space    used 2567K, committed 2752K, reserved 1048576K
}
Event: 9.383 GC heap before
{Heap before GC invocations=6 (full 0):
 garbage-first heap   total 48128K, used 37092K [0x00000000c2000000, 0x0000000100000000)
  region size 1024K, 28 young (28672K), 4 survivors (4096K)
 Metaspace       used 27079K, committed 27520K, reserved 1114112K
  class space    used 3361K, committed 3584K, reserved 1048576K
}
Event: 9.401 GC heap after
{Heap after GC invocations=7 (full 0):
 garbage-first heap   total 48128K, used 15544K [0x00000000c2000000, 0x0000000100000000)
  region size 1024K, 4 young (4096K), 4 survivors (4096K)
 Metaspace       used 27079K, committed 27520K, reserved 1114112K
  class space    used 3361K, committed 3584K, reserved 1048576K
}
Event: 9.553 GC heap before
{Heap before GC invocations=7 (full 0):
 garbage-first heap   total 48128K, used 16568K [0x00000000c2000000, 0x0000000100000000)
  region size 1024K, 5 young (5120K), 4 survivors (4096K)
 Metaspace       used 27243K, committed 27712K, reserved 1114112K
  class space    used 3385K, committed 3584K, reserved 1048576K
}
Event: 9.562 GC heap after
{Heap after GC invocations=8 (full 0):
 garbage-first heap   total 48128K, used 16374K [0x00000000c2000000, 0x0000000100000000)
  region size 1024K, 1 young (1024K), 1 survivors (1024K)
 Metaspace       used 27243K, committed 27712K, reserved 1114112K
  class space    used 3385K, committed 3584K, reserved 1048576K
}
Event: 10.724 GC heap before
{Heap before GC invocations=8 (full 0):
 garbage-first heap   total 48128K, used 32758K [0x00000000c2000000, 0x0000000100000000)
  region size 1024K, 18 young (18432K), 1 survivors (1024K)
 Metaspace       used 31169K, committed 31616K, reserved 1114112K
  class space    used 3978K, committed 4224K, reserved 1048576K
}
Event: 10.727 GC heap after
{Heap after GC invocations=9 (full 0):
 garbage-first heap   total 48128K, used 16713K [0x00000000c2000000, 0x0000000100000000)
  region size 1024K, 2 young (2048K), 2 survivors (2048K)
 Metaspace       used 31169K, committed 31616K, reserved 1114112K
  class space    used 3978K, committed 4224K, reserved 1048576K
}
Event: 11.808 GC heap before
{Heap before GC invocations=9 (full 0):
 garbage-first heap   total 48128K, used 30025K [0x00000000c2000000, 0x0000000100000000)
  region size 1024K, 16 young (16384K), 2 survivors (2048K)
 Metaspace       used 35482K, committed 35968K, reserved 1114112K
  class space    used 4502K, committed 4736K, reserved 1048576K
}
Event: 11.816 GC heap after
{Heap after GC invocations=10 (full 0):
 garbage-first heap   total 48128K, used 17987K [0x00000000c2000000, 0x0000000100000000)
  region size 1024K, 3 young (3072K), 3 survivors (3072K)
 Metaspace       used 35482K, committed 35968K, reserved 1114112K
  class space    used 4502K, committed 4736K, reserved 1048576K
}
Event: 12.938 GC heap before
{Heap before GC invocations=11 (full 0):
 garbage-first heap   total 48128K, used 34371K [0x00000000c2000000, 0x0000000100000000)
  region size 1024K, 20 young (20480K), 3 survivors (3072K)
 Metaspace       used 40101K, committed 40576K, reserved 1114112K
  class space    used 5138K, committed 5376K, reserved 1048576K
}
Event: 12.947 GC heap after
{Heap after GC invocations=12 (full 0):
 garbage-first heap   total 48128K, used 19624K [0x00000000c2000000, 0x0000000100000000)
  region size 1024K, 3 young (3072K), 3 survivors (3072K)
 Metaspace       used 40101K, committed 40576K, reserved 1114112K
  class space    used 5138K, committed 5376K, reserved 1048576K
}
Event: 13.040 GC heap before
{Heap before GC invocations=12 (full 0):
 garbage-first heap   total 48128K, used 20648K [0x00000000c2000000, 0x0000000100000000)
  region size 1024K, 4 young (4096K), 3 survivors (3072K)
 Metaspace       used 40481K, committed 40896K, reserved 1114112K
  class space    used 5180K, committed 5376K, reserved 1048576K
}
Event: 13.048 GC heap after
{Heap after GC invocations=13 (full 0):
 garbage-first heap   total 48128K, used 19650K [0x00000000c2000000, 0x0000000100000000)
  region size 1024K, 1 young (1024K), 1 survivors (1024K)
 Metaspace       used 40481K, committed 40896K, reserved 1114112K
  class space    used 5180K, committed 5376K, reserved 1048576K
}

