# JRE version: Java(TM) SE Runtime Environment (18.0.1.1+2) (build 18.0.1.1+2-6)
# Java VM: Java HotSpot(TM) 64-Bit Server VM (18.0.1.1+2-6, mixed mode, sharing, tiered, compressed oops, compressed class ptrs, g1 gc, windows-amd64)
GC Precious Log:
 CardTable entry size: 512
 Card Set container configuration: InlinePtr #cards 5 size 8 Array Of Cards #cards 12 size 40 Howl #buckets 4 coarsen threshold 1843 Howl Bitmap #cards 512 size 80 coarsen threshold 460 Card regions per heap region 1 cards per card region 2048
 CPUs: 4 total, 4 available
 Memory: 3962M
 Large Page Support: Disabled
 NUMA Support: Disabled
 Compressed Oops: Enabled (32-bit)
 Heap Region Size: 1M
 Heap Min Capacity: 8M
 Heap Initial Capacity: 62M
 Heap Max Capacity: 992M
 Pre-touch: Disabled
 Parallel Workers: 4
 Concurrent Workers: 1
 Concurrent Refinement Workers: 4
 Periodic GC: Disabled
Heap:
 garbage-first heap   total 48128K, used 21902K [0x00000000c2000000, 0x0000000100000000)
  region size 1024K, 6 young (6144K), 3 survivors (3072K)
 Metaspace       used 41601K, committed 42048K, reserved 1114112K
  class space    used 5420K, committed 5632K, reserved 1048576K
GC Heap History (18 events):
Event: 1.136 GC heap before
{Heap before GC invocations=0 (full 0):
 garbage-first heap   total 63488K, used 13312K [0x00000000c2000000, 0x0000000100000000)
  region size 1024K, 13 young (13312K), 0 survivors (0K)
 Metaspace       used 3979K, committed 4160K, reserved 1114112K
  class space    used 423K, committed 512K, reserved 1048576K
}
Event: 1.143 GC heap after
{Heap after GC invocations=1 (full 0):
 garbage-first heap   total 63488K, used 6192K [0x00000000c2000000, 0x0000000100000000)
  region size 1024K, 2 young (2048K), 2 survivors (2048K)
 Metaspace       used 3979K, committed 4160K, reserved 1114112K
  class space    used 423K, committed 512K, reserved 1048576K
}
Event: 1.628 GC heap before
{Heap before GC invocations=1 (full 0):
 garbage-first heap   total 63488K, used 17456K [0x00000000c2000000, 0x0000000100000000)
  region size 1024K, 13 young (13312K), 2 survivors (2048K)
 Metaspace       used 7050K, committed 7232K, reserved 1114112K
  class space    used 822K, committed 896K, reserved 1048576K
}
Event: 1.634 GC heap after
{Heap after GC invocations=2 (full 0):
 garbage-first heap   total 63488K, used 7460K [0x00000000c2000000, 0x0000000100000000)
  region size 1024K, 2 young (2048K), 2 survivors (2048K)
 Metaspace       used 7050K, committed 7232K, reserved 1114112K
  class space    used 822K, committed 896K, reserved 1048576K
}
Event: 2.304 GC heap before
{Heap before GC invocations=2 (full 0):
 garbage-first heap   total 63488K, used 25892K [0x00000000c2000000, 0x0000000100000000)
  region size 1024K, 21 young (21504K), 2 survivors (2048K)
 Metaspace       used 12289K, committed 12544K, reserved 1114112K
  class space    used 1410K, committed 1536K, reserved 1048576K
}
Event: 2.310 GC heap after
{Heap after GC invocations=3 (full 0):
 garbage-first heap   total 63488K, used 9081K [0x00000000c2000000, 0x0000000100000000)
  region size 1024K, 3 young (3072K), 3 survivors (3072K)
 Metaspace       used 12289K, committed 12544K, reserved 1114112K
  class space    used 1410K, committed 1536K, reserved 1048576K
}
Event: 3.412 GC heap before
{Heap before GC invocations=3 (full 0):
 garbage-first heap   total 63488K, used 36729K [0x00000000c2000000, 0x0000000100000000)
  region size 1024K, 31 young (31744K), 3 survivors (3072K)
 Metaspace       used 17206K, committed 17472K, reserved 1114112K
  class space    used 2036K, committed 2176K, reserved 1048576K
}
Event: 3.425 GC heap after
{Heap after GC invocations=4 (full 0):
 garbage-first heap   total 63488K, used 11158K [0x00000000c2000000, 0x0000000100000000)
  region size 1024K, 4 young (4096K), 4 survivors (4096K)
 Metaspace       used 17206K, committed 17472K, reserved 1114112K
  class space    used 2036K, committed 2176K, reserved 1048576K
}
Event: 4.381 GC heap before
{Heap before GC invocations=4 (full 0):
 garbage-first heap   total 63488K, used 32662K [0x00000000c2000000, 0x0000000100000000)
  region size 1024K, 26 young (26624K), 4 survivors (4096K)
 Metaspace       used 21146K, committed 21504K, reserved 1114112K
  class space    used 2566K, committed 2752K, reserved 1048576K
}
Event: 4.391 GC heap after
{Heap after GC invocations=5 (full 0):
 garbage-first heap   total 63488K, used 13072K [0x00000000c2000000, 0x0000000100000000)
  region size 1024K, 4 young (4096K), 4 survivors (4096K)
 Metaspace       used 21146K, committed 21504K, reserved 1114112K
  class space    used 2566K, committed 2752K, reserved 1048576K
}
Event: 5.479 GC heap before
{Heap before GC invocations=6 (full 0):
 garbage-first heap   total 48128K, used 37648K [0x00000000c2000000, 0x0000000100000000)
  region size 1024K, 28 young (28672K), 4 survivors (4096K)
 Metaspace       used 27049K, committed 27520K, reserved 1114112K
  class space    used 3360K, committed 3584K, reserved 1048576K
}
Event: 5.490 GC heap after
{Heap after GC invocations=7 (full 0):
 garbage-first heap   total 48128K, used 15748K [0x00000000c2000000, 0x0000000100000000)
  region size 1024K, 4 young (4096K), 4 survivors (4096K)
 Metaspace       used 27049K, committed 27520K, reserved 1114112K
  class space    used 3360K, committed 3584K, reserved 1048576K
}
Event: 6.238 GC heap before
{Heap before GC invocations=7 (full 0):
 garbage-first heap   total 48128K, used 34180K [0x00000000c2000000, 0x0000000100000000)
  region size 1024K, 22 young (22528K), 4 survivors (4096K)
 Metaspace       used 31242K, committed 31744K, reserved 1114112K
  class space    used 3988K, committed 4224K, reserved 1048576K
}
Event: 6.246 GC heap after
{Heap after GC invocations=8 (full 0):
 garbage-first heap   total 48128K, used 17248K [0x00000000c2000000, 0x0000000100000000)
  region size 1024K, 2 young (2048K), 2 survivors (2048K)
 Metaspace       used 31242K, committed 31744K, reserved 1114112K
  class space    used 3988K, committed 4224K, reserved 1048576K
}
Event: 7.082 GC heap before
{Heap before GC invocations=8 (full 0):
 garbage-first heap   total 48128K, used 29536K [0x00000000c2000000, 0x0000000100000000)
  region size 1024K, 16 young (16384K), 2 survivors (2048K)
 Metaspace       used 35625K, committed 36096K, reserved 1114112K
  class space    used 4520K, committed 4736K, reserved 1048576K
}
Event: 7.087 GC heap after
{Heap after GC invocations=9 (full 0):
 garbage-first heap   total 48128K, used 18332K [0x00000000c2000000, 0x0000000100000000)
  region size 1024K, 3 young (3072K), 3 survivors (3072K)
 Metaspace       used 35625K, committed 36096K, reserved 1114112K
  class space    used 4520K, committed 4736K, reserved 1048576K
}
Event: 7.806 GC heap before
{Heap before GC invocations=10 (full 0):
 garbage-first heap   total 48128K, used 35740K [0x00000000c2000000, 0x0000000100000000)
  region size 1024K, 20 young (20480K), 3 survivors (3072K)
 Metaspace       used 40234K, committed 40704K, reserved 1114112K
  class space    used 5156K, committed 5376K, reserved 1048576K
}
Event: 7.812 GC heap after
{Heap after GC invocations=11 (full 0):
 garbage-first heap   total 48128K, used 19854K [0x00000000c2000000, 0x0000000100000000)
  region size 1024K, 3 young (3072K), 3 survivors (3072K)
 Metaspace       used 40234K, committed 40704K, reserved 1114112K
  class space    used 5156K, committed 5376K, reserved 1048576K
}

